<?xml version="1.0" encoding="UTF-8"?>
<testng-results ignored="0" total="1" passed="1" failed="0" skipped="0">
  <reporter-output>
  </reporter-output>
  <suite started-at="2023-03-30T16:58:05 IST" name="Default suite" finished-at="2023-03-30T16:58:08 IST" duration-ms="3675">
    <groups>
    </groups>
    <test started-at="2023-03-30T16:58:05 IST" name="Default test" finished-at="2023-03-30T16:58:08 IST" duration-ms="3675">
      <class name="Demo1.FirstClass">
        <test-method signature="GetUser()[pri:0, instance:Demo1.FirstClass@1e5f4170]" started-at="2023-03-30T16:58:05 IST" name="GetUser" finished-at="2023-03-30T16:58:08 IST" duration-ms="3522" status="PASS">
          <reporter-output>
          </reporter-output>
        </test-method> <!-- GetUser -->
      </class> <!-- Demo1.FirstClass -->
    </test> <!-- Default test -->
  </suite> <!-- Default suite -->
</testng-results>
